izooto/build 3/outputs/logs/manifest-merger-debug-report.txt
-- Merging decision tree log ---
manifest
ADDED from src/main/AndroidManifest.xml:2:1-127:12
INJECTED from src/main/AndroidManifest.xml:2:1-127:12
INJECTED from src/main/AndroidManifest.xml:2:1-127:12
INJECTED from src/main/AndroidManifest.xml:2:1-127:12
INJECTED from src/main/AndroidManifest.xml:2:1-127:12
INJECTED from src/main/AndroidManifest.xml:2:1-127:12
INJECTED from src/main/AndroidManifest.xml:2:1-127:12
	package
		ADDED from src/main/AndroidManifest.xml:4:5-26
		INJECTED from src/main/AndroidManifest.xml
		INJECTED from src/main/AndroidManifest.xml
	android:versionName
		INJECTED from src/main/AndroidManifest.xml
		ADDED from src/main/AndroidManifest.xml:2:1-127:12
		INJECTED from src/main/AndroidManifest.xml
	xmlns:tools
		ADDED from src/main/AndroidManifest.xml:3:5-51
	android:versionCode
		INJECTED from src/main/AndroidManifest.xml
		ADDED from src/main/AndroidManifest.xml:2:1-127:12
		INJECTED from src/main/AndroidManifest.xml
	xmlns:android
		ADDED from src/main/AndroidManifest.xml:2:11-69
uses-permission#android.permission.ACCESS_NETWORK_STATE
ADDED from src/main/AndroidManifest.xml:6:5-79
	android:name
		ADDED from src/main/AndroidManifest.xml:6:22-76
uses-permission#android.permission.INTERNET
ADDED from src/main/AndroidManifest.xml:7:5-67
	android:name
		ADDED from src/main/AndroidManifest.xml:7:22-64
uses-permission#android.permission.WAKE_LOCK
ADDED from src/main/AndroidManifest.xml:8:5-68
	android:name
		ADDED from src/main/AndroidManifest.xml:8:22-65
uses-permission#android.permission.VIBRATE
ADDED from src/main/AndroidManifest.xml:9:5-66
	android:name
		ADDED from src/main/AndroidManifest.xml:9:22-63
uses-permission#android.permission.ACCESS_WIFI_STATE
ADDED from src/main/AndroidManifest.xml:10:5-76
	android:name
		ADDED from src/main/AndroidManifest.xml:10:22-73
uses-permission#android.permission.READ_PHONE_STATE
ADDED from src/main/AndroidManifest.xml:11:5-75
	android:name
		ADDED from src/main/AndroidManifest.xml:11:22-72
queries
ADDED from src/main/AndroidManifest.xml:17:5-22:15
intent#action:name:android.support.customtabs.action.CustomTabsService
ADDED from src/main/AndroidManifest.xml:18:9-21:18
action#android.support.customtabs.action.CustomTabsService
ADDED from src/main/AndroidManifest.xml:19:13-20:73
	android:name
		ADDED from src/main/AndroidManifest.xml:19:21-104
permission#${applicationId}.permission.MIPUSH_RECEIVE
ADDED from src/main/AndroidManifest.xml:23:5-25:47
	android:protectionLevel
		ADDED from src/main/AndroidManifest.xml:25:9-44
	android:name
		ADDED from src/main/AndroidManifest.xml:24:9-66
uses-permission#${applicationId}.permission.MIPUSH_RECEIVE
ADDED from src/main/AndroidManifest.xml:27:5-82
	android:name
		ADDED from src/main/AndroidManifest.xml:27:22-79
application
ADDED from src/main/AndroidManifest.xml:29:5-125:19
	android:requestLegacyExternalStorage
		ADDED from src/main/AndroidManifest.xml:31:9-52
	tools:targetApi
		ADDED from src/main/AndroidManifest.xml:32:9-28
	android:usesCleartextTraffic
		ADDED from src/main/AndroidManifest.xml:30:9-44
activity#com.momagic.DATBWebViewActivity
ADDED from src/main/AndroidManifest.xml:34:9-38:47
	android:screenOrientation
		ADDED from src/main/AndroidManifest.xml:36:13-49
	android:launchMode
		ADDED from src/main/AndroidManifest.xml:38:13-44
	android:exported
		ADDED from src/main/AndroidManifest.xml:37:13-37
	android:name
		ADDED from src/main/AndroidManifest.xml:35:13-59
meta-data#android.webkit.WebView.EnableSafeBrowsing
ADDED from src/main/AndroidManifest.xml:39:9-40:36
	android:value
		ADDED from src/main/AndroidManifest.xml:40:13-33
	android:name
		ADDED from src/main/AndroidManifest.xml:39:20-76
receiver#com.momagic.NotificationActionReceiver
ADDED from src/main/AndroidManifest.xml:41:9-50:20
	android:enabled
		ADDED from src/main/AndroidManifest.xml:43:13-35
	android:exported
		ADDED from src/main/AndroidManifest.xml:44:13-37
	android:name
		ADDED from src/main/AndroidManifest.xml:42:13-66
intent-filter#action:name:actionBtnOne+action:name:actionBtnTwo
ADDED from src/main/AndroidManifest.xml:45:13-49:29
action#actionBtnOne
ADDED from src/main/AndroidManifest.xml:46:17-55
	android:name
		ADDED from src/main/AndroidManifest.xml:46:25-52
action#actionBtnTwo
ADDED from src/main/AndroidManifest.xml:47:17-55
	android:name
		ADDED from src/main/AndroidManifest.xml:47:25-52
service#com.momagic.DATBMessagingService
ADDED from src/main/AndroidManifest.xml:53:9-60:19
	android:enabled
		ADDED from src/main/AndroidManifest.xml:55:13-35
	android:exported
		ADDED from src/main/AndroidManifest.xml:56:13-36
	android:name
		ADDED from src/main/AndroidManifest.xml:54:13-60
intent-filter#action:name:com.google.firebase.MESSAGING_EVENT
ADDED from src/main/AndroidManifest.xml:57:13-59:29
action#com.google.firebase.MESSAGING_EVENT
ADDED from src/main/AndroidManifest.xml:58:17-78
	android:name
		ADDED from src/main/AndroidManifest.xml:58:25-75
meta-data#momagic_app_id
ADDED from src/main/AndroidManifest.xml:62:9-64:49
	android:value
		ADDED from src/main/AndroidManifest.xml:64:13-46
	android:name
		ADDED from src/main/AndroidManifest.xml:63:13-42
service#com.xiaomi.push.service.XMPushService
ADDED from src/main/AndroidManifest.xml:65:9-68:46
	android:process
		ADDED from src/main/AndroidManifest.xml:68:13-43
	android:enabled
		ADDED from src/main/AndroidManifest.xml:67:13-35
	android:name
		ADDED from src/main/AndroidManifest.xml:66:13-65
service#com.xiaomi.push.service.XMJobService
ADDED from src/main/AndroidManifest.xml:70:9-75:46
	android:process
		ADDED from src/main/AndroidManifest.xml:75:13-43
	android:enabled
		ADDED from src/main/AndroidManifest.xml:72:13-35
	android:exported
		ADDED from src/main/AndroidManifest.xml:73:13-37
	android:permission
		ADDED from src/main/AndroidManifest.xml:74:13-69
	android:name
		ADDED from src/main/AndroidManifest.xml:71:13-64
service#com.xiaomi.mipush.sdk.PushMessageHandler
ADDED from src/main/AndroidManifest.xml:77:9-80:39
	android:enabled
		ADDED from src/main/AndroidManifest.xml:79:13-35
	android:exported
		ADDED from src/main/AndroidManifest.xml:80:13-36
	android:name
		ADDED from src/main/AndroidManifest.xml:78:13-68
service#com.xiaomi.mipush.sdk.MessageHandleService
ADDED from src/main/AndroidManifest.xml:82:9-84:38
	android:enabled
		ADDED from src/main/AndroidManifest.xml:84:13-35
	android:name
		ADDED from src/main/AndroidManifest.xml:83:13-70
receiver#com.momagic.XiaomiPushReceiver
ADDED from src/main/AndroidManifest.xml:85:9-98:20
	android:exported
		ADDED from src/main/AndroidManifest.xml:86:13-36
	android:name
		ADDED from src/main/AndroidManifest.xml:87:13-47
intent-filter#action:name:com.xiaomi.mipush.RECEIVE_MESSAGE
ADDED from src/main/AndroidManifest.xml:89:13-91:29
action#com.xiaomi.mipush.RECEIVE_MESSAGE
ADDED from src/main/AndroidManifest.xml:90:17-76
	android:name
		ADDED from src/main/AndroidManifest.xml:90:25-73
intent-filter#action:name:com.xiaomi.mipush.MESSAGE_ARRIVED
ADDED from src/main/AndroidManifest.xml:92:13-94:29
action#com.xiaomi.mipush.MESSAGE_ARRIVED
ADDED from src/main/AndroidManifest.xml:93:17-76
	android:name
		ADDED from src/main/AndroidManifest.xml:93:25-73
intent-filter#action:name:com.xiaomi.mipush.ERROR
ADDED from src/main/AndroidManifest.xml:95:13-97:29
action#com.xiaomi.mipush.ERROR
ADDED from src/main/AndroidManifest.xml:96:17-66
	android:name
		ADDED from src/main/AndroidManifest.xml:96:25-63
receiver#com.xiaomi.push.service.receivers.NetworkStatusReceiver
ADDED from src/main/AndroidManifest.xml:100:9-109:20
	android:exported
		ADDED from src/main/AndroidManifest.xml:102:13-36
	android:name
		ADDED from src/main/AndroidManifest.xml:101:13-83
intent-filter#action:name:android.net.conn.CONNECTIVITY_CHANGE+category:name:android.intent.category.DEFAULT
ADDED from src/main/AndroidManifest.xml:103:13-108:29
action#android.net.conn.CONNECTIVITY_CHANGE
ADDED from src/main/AndroidManifest.xml:104:17-105:50
	tools:ignore
		ADDED from src/main/AndroidManifest.xml:105:21-47
	android:name
		ADDED from src/main/AndroidManifest.xml:104:25-76
category#android.intent.category.DEFAULT
ADDED from src/main/AndroidManifest.xml:107:17-76
	android:name
		ADDED from src/main/AndroidManifest.xml:107:27-73
receiver#com.xiaomi.push.service.receivers.PingReceiver
ADDED from src/main/AndroidManifest.xml:110:9-117:20
	android:process
		ADDED from src/main/AndroidManifest.xml:113:13-43
	android:exported
		ADDED from src/main/AndroidManifest.xml:112:13-37
	android:name
		ADDED from src/main/AndroidManifest.xml:111:13-74
intent-filter#action:name:com.xiaomi.push.PING_TIMER
ADDED from src/main/AndroidManifest.xml:114:13-116:29
action#com.xiaomi.push.PING_TIMER
ADDED from src/main/AndroidManifest.xml:115:17-69
	android:name
		ADDED from src/main/AndroidManifest.xml:115:25-66
service#com.momagic.HmsMessagingService
ADDED from src/main/AndroidManifest.xml:118:9-123:19
	android:exported
		ADDED from src/main/AndroidManifest.xml:119:13-37
	android:name
		ADDED from src/main/AndroidManifest.xml:118:18-53
intent-filter#action:name:com.huawei.push.action.MESSAGING_EVENT
ADDED from src/main/AndroidManifest.xml:120:13-122:29
action#com.huawei.push.action.MESSAGING_EVENT
ADDED from src/main/AndroidManifest.xml:121:17-80
	android:name
		ADDED from src/main/AndroidManifest.xml:121:25-78
uses-sdk
INJECTED from src/main/AndroidManifest.xml reason: use-sdk injection requested
INJECTED from src/main/AndroidManifest.xml
INJECTED from src/main/AndroidManifest.xml
INJECTED from src/main/AndroidManifest.xml
INJECTED from src/main/AndroidManifest.xml
	android:targetSdkVersion
		INJECTED from src/main/AndroidManifest.xml
		ADDED from src/main/AndroidManifest.xml
		INJECTED from src/main/AndroidManifest.xml
	android:minSdkVersion
		INJECTED from src/main/AndroidManifest.xml
		ADDED from src/main/AndroidManifest.xml
		INJECTED from src/main/AndroidManifest.xml